2025.08.10 12:35:10 INFO  Started: Metals version 1.6.1 in folders '/Users/justinyong/Desktop/Code/Scala/final-project-Justin-yww' for client Visual Studio Code 1.102.3.
2025.08.10 12:35:10 INFO  no build target found for /Users/justinyong/Desktop/Code/Scala/final-project-Justin-yww/src/main/scala/myfirstscala.scala. Using presentation compiler with project's scala-library version: 3.3.6
Aug 10, 2025 12:35:12 PM org.eclipse.lsp4j.jsonrpc.RemoteEndpoint handleCancellation
WARNING: Unmatched cancel notification for request id 3
Aug 10, 2025 12:35:12 PM org.eclipse.lsp4j.jsonrpc.RemoteEndpoint handleCancellation
WARNING: Unmatched cancel notification for request id 6
Aug 10, 2025 12:35:12 PM org.eclipse.lsp4j.jsonrpc.RemoteEndpoint handleCancellation
WARNING: Unmatched cancel notification for request id 2
2025.08.10 15:16:41 INFO  no build target found for /Users/justinyong/Desktop/Code/Scala/final-project-Justin-yww/src/main/scala/myfirstscala.scala. Using presentation compiler with project's scala-library version: 3.3.6
2025.08.10 15:16:41 WARN  no build target for: /Users/justinyong/Desktop/Code/Scala/final-project-Justin-yww/src/main/scala/myfirstscala.scala
2025.08.10 15:16:41 INFO  no build target found for /Users/justinyong/Desktop/Code/Scala/final-project-Justin-yww/src/main/scala/myfirstscala.scala. Using presentation compiler with project's scala-library version: 3.3.6
2025.08.10 15:16:41 INFO  no build target found for /Users/justinyong/Desktop/Code/Scala/final-project-Justin-yww/src/main/scala/myfirstscala.scala. Using presentation compiler with project's scala-library version: 3.3.6
2025.08.11 21:17:21 INFO  Shutting down server
2025.08.11 21:17:21 INFO  shutting down Metals
2025.08.11 21:17:21 INFO  Exiting server
2025.08.12 00:49:03 INFO  Started: Metals version 1.6.2 in folders '/Users/justinyong/Desktop/Code/Scala/final-project-Justin-yww' for client Visual Studio Code 1.103.0.
2025.08.12 00:49:03 INFO  no build target found for /Users/justinyong/Desktop/Code/Scala/final-project-Justin-yww/build.sbt. Using presentation compiler with project's scala-library version: 3.3.6
2025.08.12 00:49:05 INFO  no build target found for /Users/justinyong/Desktop/Code/Scala/final-project-Justin-yww/build.sbt. Using presentation compiler with project's scala-library version: 3.3.6
Aug 12, 2025 12:49:05 AM org.eclipse.lsp4j.jsonrpc.RemoteEndpoint handleCancellation
WARNING: Unmatched cancel notification for request id 3
Aug 12, 2025 12:49:05 AM org.eclipse.lsp4j.jsonrpc.RemoteEndpoint handleCancellation
WARNING: Unmatched cancel notification for request id 6
2025.08.12 00:49:07 INFO  running '/opt/homebrew/bin/sbt -Dbloop.export-jar-classifiers=sources bloopInstall'
2025.08.12 00:49:08 INFO  no build target found for /Users/justinyong/Desktop/Code/Scala/final-project-Justin-yww/project/metals.sbt. Using presentation compiler with project's scala-library version: 3.3.6
2025.08.12 00:49:08 WARN  no build target for: /Users/justinyong/Desktop/Code/Scala/final-project-Justin-yww/project/metals.sbt
2025.08.12 00:49:07 WARN  no build target for: /Users/justinyong/Desktop/Code/Scala/final-project-Justin-yww/project/project/metals.sbt
2025.08.12 00:49:08 INFO  no build target found for /Users/justinyong/Desktop/Code/Scala/final-project-Justin-yww/project/project/metals.sbt. Using presentation compiler with project's scala-library version: 3.3.6
2025.08.12 00:49:12 ERROR [info] waiting for lock on /Users/justinyong/.sbt/boot/sbt.boot.lock to be available...
2025.08.12 00:49:16 WARN  no build target for: /Users/justinyong/Desktop/Code/Scala/final-project-Justin-yww/build.sbt
2025.08.12 00:49:16 INFO  no build target found for /Users/justinyong/Desktop/Code/Scala/final-project-Justin-yww/build.sbt. Using presentation compiler with project's scala-library version: 3.3.6
2025.08.12 00:49:16 INFO  no build target found for /Users/justinyong/Desktop/Code/Scala/final-project-Justin-yww/build.sbt. Using presentation compiler with project's scala-library version: 3.3.6
2025.08.12 00:49:16 INFO  no build target found for /Users/justinyong/Desktop/Code/Scala/final-project-Justin-yww/build.sbt. Using presentation compiler with project's scala-library version: 3.3.6
2025.08.12 00:49:16 INFO  no build target found for /Users/justinyong/Desktop/Code/Scala/final-project-Justin-yww/build.sbt. Using presentation compiler with project's scala-library version: 3.3.6
Aug 12, 2025 12:49:45 AM org.eclipse.lsp4j.jsonrpc.services.GenericEndpoint notify
INFO: Unsupported notification method: $/setTrace
2025.08.12 00:51:34 INFO  Shutting down server
2025.08.12 00:51:34 INFO  shutting down Metals
2025.08.12 00:51:35 INFO  time: ran 'sbt bloopInstall' in 2m27s
2025.08.12 00:51:35 ERROR sbt command failed: /opt/homebrew/bin/sbt -Dbloop.export-jar-classifiers=sources bloopInstall
2025.08.12 00:51:34 INFO  Exiting server
2025.08.12 00:52:56 INFO  Started: Metals version 1.6.2 in folders '/Users/justinyong/Desktop/Code/Scala/final-project-Justin-yww' for client Visual Studio Code 1.103.0.
2025.08.12 00:52:58 INFO  skipping build import with status 'Started'
2025.08.12 00:52:58 INFO  no build target found for /Users/justinyong/Desktop/Code/Scala/final-project-Justin-yww/build.sbt. Using presentation compiler with project's scala-library version: 3.3.6
2025.08.12 00:52:58 WARN  no build target for: /Users/justinyong/Desktop/Code/Scala/final-project-Justin-yww/build.sbt
2025.08.12 00:52:59 INFO  no build target found for /Users/justinyong/Desktop/Code/Scala/final-project-Justin-yww/build.sbt. Using presentation compiler with project's scala-library version: 3.3.6
2025.08.12 00:53:01 INFO  time: code lens generation in 1.42s
2025.08.12 00:53:01 INFO  time: code lens generation in 1.53s
2025.08.12 00:53:03 INFO  no build target found for /Users/justinyong/Desktop/Code/Scala/final-project-Justin-yww/build.sbt. Using presentation compiler with project's scala-library version: 3.3.6
2025.08.12 01:01:27 INFO  Shutting down server
2025.08.12 01:01:27 INFO  shutting down Metals
2025.08.12 01:01:27 INFO  Exiting server
2025.08.12 01:03:45 INFO  Started: Metals version 1.6.2 in folders '/Users/justinyong/Desktop/Code/Scala/final-project-Justin-yww' for client Visual Studio Code 1.103.0.
2025.08.12 01:03:46 INFO  skipping build import with status 'Started'
2025.08.12 01:03:46 INFO  no build target found for /Users/justinyong/Desktop/Code/Scala/final-project-Justin-yww/build.sbt. Using presentation compiler with project's scala-library version: 3.3.6
2025.08.12 01:03:46 WARN  no build target for: /Users/justinyong/Desktop/Code/Scala/final-project-Justin-yww/build.sbt
2025.08.12 01:03:48 INFO  no build target found for /Users/justinyong/Desktop/Code/Scala/final-project-Justin-yww/build.sbt. Using presentation compiler with project's scala-library version: 3.3.6
2025.08.12 01:03:51 INFO  no build target found for /Users/justinyong/Desktop/Code/Scala/final-project-Justin-yww/build.sbt. Using presentation compiler with project's scala-library version: 3.3.6
2025.08.12 01:10:25 INFO  no build target found for /Users/justinyong/Desktop/Code/Scala/final-project-Justin-yww/build.sbt. Using presentation compiler with project's scala-library version: 3.3.6
2025.08.12 01:10:25 INFO  no build target found for /Users/justinyong/Desktop/Code/Scala/final-project-Justin-yww/build.sbt. Using presentation compiler with project's scala-library version: 3.3.6
Aug 12, 2025 1:10:28 AM org.eclipse.lsp4j.jsonrpc.services.GenericEndpoint notify
INFO: Unsupported notification method: $/setTrace
2025.08.12 01:10:29 INFO  no build target found for /Users/justinyong/Desktop/Code/Scala/final-project-Justin-yww/build.sbt. Using presentation compiler with project's scala-library version: 3.3.6
2025.08.12 01:10:32 INFO  no build target found for /Users/justinyong/Desktop/Code/Scala/final-project-Justin-yww/build.sbt. Using presentation compiler with project's scala-library version: 3.3.6
2025.08.12 01:10:36 INFO  no build target found for /Users/justinyong/Desktop/Code/Scala/final-project-Justin-yww/build.sbt. Using presentation compiler with project's scala-library version: 3.3.6
2025.08.12 01:10:36 INFO  no build target found for /Users/justinyong/Desktop/Code/Scala/final-project-Justin-yww/build.sbt. Using presentation compiler with project's scala-library version: 3.3.6
2025.08.12 01:10:38 INFO  no build target found for /Users/justinyong/Desktop/Code/Scala/final-project-Justin-yww/build.sbt. Using presentation compiler with project's scala-library version: 3.3.6
2025.08.12 01:10:38 INFO  no build target found for /Users/justinyong/Desktop/Code/Scala/final-project-Justin-yww/build.sbt. Using presentation compiler with project's scala-library version: 3.3.6
2025.08.12 01:10:39 INFO  no build target found for /Users/justinyong/Desktop/Code/Scala/final-project-Justin-yww/build.sbt. Using presentation compiler with project's scala-library version: 3.3.6
2025.08.12 01:10:42 INFO  no build target found for /Users/justinyong/Desktop/Code/Scala/final-project-Justin-yww/build.sbt. Using presentation compiler with project's scala-library version: 3.3.6
2025.08.12 01:10:42 INFO  no build target found for /Users/justinyong/Desktop/Code/Scala/final-project-Justin-yww/build.sbt. Using presentation compiler with project's scala-library version: 3.3.6
2025.08.12 01:10:42 INFO  no build target found for /Users/justinyong/Desktop/Code/Scala/final-project-Justin-yww/build.sbt. Using presentation compiler with project's scala-library version: 3.3.6
2025.08.12 01:10:43 INFO  no build target found for /Users/justinyong/Desktop/Code/Scala/final-project-Justin-yww/build.sbt. Using presentation compiler with project's scala-library version: 3.3.6
2025.08.12 01:23:24 INFO  no build target found for /Users/justinyong/Desktop/Code/Scala/final-project-Justin-yww/build.sbt. Using presentation compiler with project's scala-library version: 3.3.6
2025.08.12 01:23:24 INFO  no build target found for /Users/justinyong/Desktop/Code/Scala/final-project-Justin-yww/build.sbt. Using presentation compiler with project's scala-library version: 3.3.6
2025.08.12 01:23:45 INFO  no build target found for /Users/justinyong/Desktop/Code/Scala/final-project-Justin-yww/build.sbt. Using presentation compiler with project's scala-library version: 3.3.6
